<?xml version="1.0" encoding="UTF-8"?>
<!-- Generated by org.testng.reporters.JUnitReportReporter -->
<testsuite hostname="DESKTOP-4CTJFTC" failures="0" tests="4" name="TestRunner.CucumberTestRunnerForTags" time="0.208" errors="0" timestamp="2024-01-31T10:09:35 GMT" skipped="0">
  <testcase classname="TestRunner.CucumberTestRunnerForTags" name="runScenario" time="0.010"/>
  <testcase classname="TestRunner.CucumberTestRunnerForTags" name="runScenario" time="0.007"/>
  <testcase classname="TestRunner.CucumberTestRunnerForTags" name="runScenario" time="0.008"/>
  <testcase classname="TestRunner.CucumberTestRunnerForTags" name="runScenario" time="0.183"/>
</testsuite> <!-- TestRunner.CucumberTestRunnerForTags -->
