<?xml version="1.0" encoding="UTF-8"?>
<!-- Generated by org.testng.reporters.JUnitReportReporter -->
<testsuite hostname="DESKTOP-4CTJFTC" failures="0" tests="4" name="TestRunner.CucumberTestRunner" time="21.798" errors="0" timestamp="2024-01-30T15:52:59 GMT" skipped="0">
  <testcase classname="TestRunner.CucumberTestRunner" name="runScenario" time="3.596"/>
  <testcase classname="TestRunner.CucumberTestRunner" name="runScenario" time="3.782"/>
  <testcase classname="TestRunner.CucumberTestRunner" name="runScenario" time="5.355"/>
  <testcase classname="TestRunner.CucumberTestRunner" name="runScenario" time="9.065"/>
</testsuite> <!-- TestRunner.CucumberTestRunner -->
