<?xml version="1.0" encoding="UTF-8"?>
<!-- Generated by org.testng.reporters.JUnitReportReporter -->
<testsuite hostname="DESKTOP-4CTJFTC" failures="0" tests="4" name="TestRunner.CucumberTestRunnerForTags" time="0.655" errors="0" timestamp="2024-01-31T12:26:54 GMT" skipped="0">
  <testcase classname="TestRunner.CucumberTestRunnerForTags" name="runScenario" time="0.024"/>
  <testcase classname="TestRunner.CucumberTestRunnerForTags" name="runScenario" time="0.073"/>
  <testcase classname="TestRunner.CucumberTestRunnerForTags" name="runScenario" time="0.518"/>
  <testcase classname="TestRunner.CucumberTestRunnerForTags" name="runScenario" time="0.040"/>
</testsuite> <!-- TestRunner.CucumberTestRunnerForTags -->
